<?xml version="1.0" encoding="UTF-8"?>
<testng-results skipped="0" failed="0" total="2" passed="2">
  <reporter-output>
  </reporter-output>
  <suite name="Default suite" duration-ms="5896" started-at="2015-07-30T15:14:45Z" finished-at="2015-07-30T15:14:51Z">
    <groups>
    </groups>
    <test name="Default test" duration-ms="5896" started-at="2015-07-30T15:14:45Z" finished-at="2015-07-30T15:14:51Z">
      <class name="tests.LoginTest">
        <test-method status="PASS" signature="beforeMethod()[pri:0, instance:tests.LoginTest@3cb5cdba]" name="beforeMethod" is-config="true" duration-ms="2390" started-at="2015-07-30T10:14:45Z" finished-at="2015-07-30T10:14:48Z">
          <reporter-output>
          </reporter-output>
        </test-method> <!-- beforeMethod -->
        <test-method status="PASS" signature="VerifyHomePageLoads()[pri:0, instance:tests.LoginTest@3cb5cdba]" name="VerifyHomePageLoads" duration-ms="22" started-at="2015-07-30T10:14:48Z" finished-at="2015-07-30T10:14:48Z">
          <reporter-output>
          </reporter-output>
        </test-method> <!-- VerifyHomePageLoads -->
        <test-method status="PASS" signature="afterMethod()[pri:0, instance:tests.LoginTest@3cb5cdba]" name="afterMethod" is-config="true" duration-ms="71" started-at="2015-07-30T10:14:48Z" finished-at="2015-07-30T10:14:48Z">
          <reporter-output>
          </reporter-output>
        </test-method> <!-- afterMethod -->
        <test-method status="PASS" signature="beforeMethod()[pri:0, instance:tests.LoginTest@3cb5cdba]" name="beforeMethod" is-config="true" duration-ms="1708" started-at="2015-07-30T10:14:48Z" finished-at="2015-07-30T10:14:50Z">
          <reporter-output>
          </reporter-output>
        </test-method> <!-- beforeMethod -->
        <test-method status="PASS" signature="LoginTest()[pri:0, instance:tests.LoginTest@3cb5cdba]" name="LoginTest" duration-ms="1623" started-at="2015-07-30T10:14:50Z" depends-on-methods="tests.LoginTest.VerifyHomePageLoads" finished-at="2015-07-30T10:14:51Z">
          <reporter-output>
          </reporter-output>
        </test-method> <!-- LoginTest -->
        <test-method status="PASS" signature="afterMethod()[pri:0, instance:tests.LoginTest@3cb5cdba]" name="afterMethod" is-config="true" duration-ms="73" started-at="2015-07-30T10:14:51Z" finished-at="2015-07-30T10:14:51Z">
          <reporter-output>
          </reporter-output>
        </test-method> <!-- afterMethod -->
      </class> <!-- tests.LoginTest -->
    </test> <!-- Default test -->
  </suite> <!-- Default suite -->
</testng-results>
